Test cases for 3-say_my_name module
===================================
tests a string function
===================================

Importing function from the module:
    >>> say_my_name = __import__('3-say_my_name').say_my_name
    >>> say_my_name("Kamal", "Muhammad")
    My name is Kamal Muhammad

    >>> say_my_name("Mubarak Muhammad", "Tukur")
    My name is Mubarak Muhammad Tukur

# the parameter last_name is optional if no last name is provided an empty string is passed.
    >>> say_my_name("Maryam")
    My name is Maryam 

    >>> say_my_name(6, "James")
    Traceback (most recent call last):
    TypeError: first_name must be a string

# passing no argument to function
    >>> say_my_name()
    Traceback (most recent call last):
    TypeError: say_my_name() missing 1 required positional argument: 'first_name'

# passing first name and a list.  
    >>> say_my_name("MeCalister", ["Cavs", "Bakers", "Heat"])
    Traceback (most recent call last):
    TypeError: last_name must be a string




   


   






    

    