test cases for 4-print_square
=============================

import the module:
    >>> print_square = __import__("4-print_square").print_square
    >>> print_square(2)
    ##
    ##

    >>> print_square(6)
    ######
    ######
    ######
    ######
    ######
    ######

passing negetive integer
    >>> print_square(-2)
    Traceback (most recent call last):
    ValueError: size must be >= 0

passing positive floating point number
    >>> print_square(2.9)
    Traceback (most recent call last):
    TypeError: size must be an integer

passing a negative float
    >>> print_square(-12.8)
    Traceback (most recent call last):
    TypeError: size must be an integer

passing no argument to function
    >>> print_square()
    Traceback (most recent call last):
    TypeError: print_square() missing 1 required positional argument: 'size'

passing more than one argument to function
    >>> print_square(12, 78)
    Traceback (most recent call last):
    TypeError: print_square() takes 1 positional argument but 2 were given





